<?xml version="1.0" encoding="UTF-8"?>
<!-- Generated by org.testng.reporters.JUnitReportReporter -->
<testsuite hostname="LAPTOP-BTVE58JJ" failures="0" tests="1" name="JavaScriptExecutor.JsExecutor1012" time="19.011" errors="0" timestamp="2024-12-18T16:36:37 IST" skipped="0">
  <testcase classname="JavaScriptExecutor.JsExecutor1012" name="main" time="19.011"/>
  <system-out/>
</testsuite> <!-- JavaScriptExecutor.JsExecutor1012 -->
