<?xml version="1.0" encoding="UTF-8"?>
<!-- Generated by org.testng.reporters.JUnitReportReporter -->
<testsuite hostname="LAPTOP-BTVE58JJ" failures="0" tests="1" name="TestNG.TesNG_Basic" time="0.012" errors="0" timestamp="2024-12-18T11:41:53 IST" skipped="0">
  <testcase classname="TestNG.TesNG_Basic" name="name" time="0.012"/>
  <system-out>
    <![CDATA[jHasgfAS]]>
  </system-out>
</testsuite> <!-- TestNG.TesNG_Basic -->
