<?xml version="1.0" encoding="UTF-8"?>
<!-- Generated by org.testng.reporters.JUnitReportReporter -->
<testsuite hostname="LAPTOP-BTVE58JJ" failures="0" tests="1" name="ExceptionHandling.throwsTryCatch" time="0.008" errors="0" timestamp="2024-12-19T08:32:14 IST" skipped="0">
  <testcase classname="ExceptionHandling.throwsTryCatch" name="main" time="0.008"/>
  <system-out/>
</testsuite> <!-- ExceptionHandling.throwsTryCatch -->
